\BOOKMARK [0][-]{chapter*.1}{[chap:abbrev]List of Abbreviations}{}% 1
\BOOKMARK [0][-]{section*.3}{List of Figures}{}% 2
\BOOKMARK [0][-]{section*.5}{List of Tables}{}% 3
\BOOKMARK [0][-]{chapter.1}{Introduction}{}% 4
\BOOKMARK [1][-]{section.1.1}{Physics in a test tube}{chapter.1}% 5
\BOOKMARK [1][-]{section.1.2}{What is Physics?}{chapter.1}% 6
\BOOKMARK [1][-]{section.1.3}{Why Cystic Fibrosis}{chapter.1}% 7
\BOOKMARK [0][-]{chapter.2}{Theory and Methods}{}% 8
\BOOKMARK [1][-]{section.2.1}{Approximating Quantum Mechanics with the Goal of Studying the Components of Living Things}{chapter.2}% 9
\BOOKMARK [0][-]{chapter.3}{Review of the Molecular Cause of Cystic Fibrosis}{}% 10
\BOOKMARK [1][-]{section.3.1}{Clinical outcomes of Cystic Fibrosis}{chapter.3}% 11
\BOOKMARK [1][-]{section.3.2}{CFTR Structure}{chapter.3}% 12
\BOOKMARK [1][-]{section.3.3}{CFTR classification and structure}{chapter.3}% 13
\BOOKMARK [1][-]{section.3.4}{The Gating Cycle}{chapter.3}% 14
\BOOKMARK [1][-]{section.3.5}{Classes of Misfunction to CFTR}{chapter.3}% 15
\BOOKMARK [1][-]{section.3.6}{CFTR Modulators}{chapter.3}% 16
\BOOKMARK [2][-]{subsection.3.6.1}{Correctors}{section.3.6}% 17
\BOOKMARK [2][-]{subsection.3.6.2}{Poteniators}{section.3.6}% 18
\BOOKMARK [0][-]{chapter.4}{Concluding Remarks}{}% 19
\BOOKMARK [1][-]{section*.7}{References}{chapter.4}% 20
